[debug] [2025-06-13T09:19:24.217Z] ----------------------------------------------------------------------
[debug] [2025-06-13T09:19:24.227Z] Command:       C:\Program Files\nodejs\node.exe C:\Users\DELL\AppData\Roaming\npm\node_modules\firebase-tools\lib\bin\firebase.js init
[debug] [2025-06-13T09:19:24.227Z] CLI Version:   14.7.0
[debug] [2025-06-13T09:19:24.227Z] Platform:      win32
[debug] [2025-06-13T09:19:24.227Z] Node Version:  v22.16.0
[debug] [2025-06-13T09:19:24.228Z] Time:          Fri Jun 13 2025 03:19:24 GMT-0600 (hora estándar central)
[debug] [2025-06-13T09:19:24.228Z] ----------------------------------------------------------------------
[debug] 
[debug] [2025-06-13T09:19:24.415Z] > command requires scopes: ["email","openid","https://www.googleapis.com/auth/cloudplatformprojects.readonly","https://www.googleapis.com/auth/firebase","https://www.googleapis.com/auth/cloud-platform"]
[debug] [2025-06-13T09:19:24.415Z] > authorizing via signed-in user (rigobertohula@gmail.com)
[info] 
     ######## #### ########  ######## ########     ###     ######  ########
     ##        ##  ##     ## ##       ##     ##  ##   ##  ##       ##
     ######    ##  ########  ######   ########  #########  ######  ######
     ##        ##  ##    ##  ##       ##     ## ##     ##       ## ##
     ##       #### ##     ## ######## ########  ##     ##  ######  ########

You're about to initialize a Firebase project in this directory:

  C:\Users\DELL\Downloads\pyr-site

Before we get started, keep in mind:

  * You are initializing within an existing Firebase project directory

